<?xml version="1.0" encoding="UTF-8"?>
<testsuite xmlns:xsi="http://www.w3.org/2001/XMLSchema-instance" xsi:noNamespaceSchemaLocation="https://maven.apache.org/surefire/maven-surefire-plugin/xsd/surefire-test-report.xsd" name="TestSuite" time="71.611" tests="16" errors="0" skipped="0" failures="0">
  <properties>
    <property name="gopherProxySet" value="false"/>
    <property name="awt.toolkit" value="sun.lwawt.macosx.LWCToolkit"/>
    <property name="file.encoding.pkg" value="sun.io"/>
    <property name="java.specification.version" value="1.8"/>
    <property name="sun.cpu.isalist" value=""/>
    <property name="sun.jnu.encoding" value="UTF-8"/>
    <property name="java.class.path" value="/Users/Amit.singh/java/java/ApiAssignment/target/test-classes:/Users/Amit.singh/java/java/ApiAssignment/target/classes:/Users/Amit.singh/.m2/repository/io/rest-assured/rest-assured/4.3.1/rest-assured-4.3.1.jar:/Users/Amit.singh/.m2/repository/org/codehaus/groovy/groovy/3.0.3/groovy-3.0.3.jar:/Users/Amit.singh/.m2/repository/org/codehaus/groovy/groovy-xml/3.0.3/groovy-xml-3.0.3.jar:/Users/Amit.singh/.m2/repository/org/apache/httpcomponents/httpclient/4.5.3/httpclient-4.5.3.jar:/Users/Amit.singh/.m2/repository/org/apache/httpcomponents/httpcore/4.4.6/httpcore-4.4.6.jar:/Users/Amit.singh/.m2/repository/commons-logging/commons-logging/1.2/commons-logging-1.2.jar:/Users/Amit.singh/.m2/repository/commons-codec/commons-codec/1.9/commons-codec-1.9.jar:/Users/Amit.singh/.m2/repository/org/apache/httpcomponents/httpmime/4.5.3/httpmime-4.5.3.jar:/Users/Amit.singh/.m2/repository/org/hamcrest/hamcrest/2.1/hamcrest-2.1.jar:/Users/Amit.singh/.m2/repository/org/ccil/cowan/tagsoup/tagsoup/1.2.1/tagsoup-1.2.1.jar:/Users/Amit.singh/.m2/repository/io/rest-assured/json-path/4.3.1/json-path-4.3.1.jar:/Users/Amit.singh/.m2/repository/org/codehaus/groovy/groovy-json/3.0.3/groovy-json-3.0.3.jar:/Users/Amit.singh/.m2/repository/io/rest-assured/rest-assured-common/4.3.1/rest-assured-common-4.3.1.jar:/Users/Amit.singh/.m2/repository/io/rest-assured/xml-path/4.3.1/xml-path-4.3.1.jar:/Users/Amit.singh/.m2/repository/org/apache/commons/commons-lang3/3.4/commons-lang3-3.4.jar:/Users/Amit.singh/.m2/repository/jakarta/xml/bind/jakarta.xml.bind-api/2.3.3/jakarta.xml.bind-api-2.3.3.jar:/Users/Amit.singh/.m2/repository/jakarta/activation/jakarta.activation-api/1.2.2/jakarta.activation-api-1.2.2.jar:/Users/Amit.singh/.m2/repository/com/sun/xml/bind/jaxb-impl/2.3.3/jaxb-impl-2.3.3.jar:/Users/Amit.singh/.m2/repository/org/slf4j/slf4j-api/2.0.0-alpha1/slf4j-api-2.0.0-alpha1.jar:/Users/Amit.singh/.m2/repository/com/google/code/gson/gson/2.8.5/gson-2.8.5.jar:/Users/Amit.singh/.m2/repository/org/projectlombok/lombok/1.18.12/lombok-1.18.12.jar:/Users/Amit.singh/.m2/repository/org/testng/testng/6.8/testng-6.8.jar:/Users/Amit.singh/.m2/repository/junit/junit/4.10/junit-4.10.jar:/Users/Amit.singh/.m2/repository/org/hamcrest/hamcrest-core/1.1/hamcrest-core-1.1.jar:/Users/Amit.singh/.m2/repository/org/beanshell/bsh/2.0b4/bsh-2.0b4.jar:/Users/Amit.singh/.m2/repository/com/beust/jcommander/1.27/jcommander-1.27.jar:/Users/Amit.singh/.m2/repository/org/yaml/snakeyaml/1.6/snakeyaml-1.6.jar:/Users/Amit.singh/.m2/repository/io/rest-assured/json-schema-validator/4.3.2/json-schema-validator-4.3.2.jar:/Users/Amit.singh/.m2/repository/com/github/java-json-tools/json-schema-validator/2.2.14/json-schema-validator-2.2.14.jar:/Users/Amit.singh/.m2/repository/com/google/guava/guava/28.2-android/guava-28.2-android.jar:/Users/Amit.singh/.m2/repository/com/google/guava/failureaccess/1.0.1/failureaccess-1.0.1.jar:/Users/Amit.singh/.m2/repository/com/google/guava/listenablefuture/9999.0-empty-to-avoid-conflict-with-guava/listenablefuture-9999.0-empty-to-avoid-conflict-with-guava.jar:/Users/Amit.singh/.m2/repository/org/checkerframework/checker-compat-qual/2.5.5/checker-compat-qual-2.5.5.jar:/Users/Amit.singh/.m2/repository/com/google/errorprone/error_prone_annotations/2.3.4/error_prone_annotations-2.3.4.jar:/Users/Amit.singh/.m2/repository/com/google/j2objc/j2objc-annotations/1.3/j2objc-annotations-1.3.jar:/Users/Amit.singh/.m2/repository/com/github/java-json-tools/jackson-coreutils-equivalence/1.0/jackson-coreutils-equivalence-1.0.jar:/Users/Amit.singh/.m2/repository/com/fasterxml/jackson/core/jackson-databind/2.11.0/jackson-databind-2.11.0.jar:/Users/Amit.singh/.m2/repository/com/fasterxml/jackson/core/jackson-annotations/2.11.0/jackson-annotations-2.11.0.jar:/Users/Amit.singh/.m2/repository/com/fasterxml/jackson/core/jackson-core/2.11.0/jackson-core-2.11.0.jar:/Users/Amit.singh/.m2/repository/com/github/java-json-tools/jackson-coreutils/2.0/jackson-coreutils-2.0.jar:/Users/Amit.singh/.m2/repository/com/github/java-json-tools/msg-simple/1.2/msg-simple-1.2.jar:/Users/Amit.singh/.m2/repository/com/github/java-json-tools/btf/1.3/btf-1.3.jar:/Users/Amit.singh/.m2/repository/com/github/java-json-tools/json-schema-core/1.2.14/json-schema-core-1.2.14.jar:/Users/Amit.singh/.m2/repository/com/github/java-json-tools/uri-template/0.10/uri-template-0.10.jar:/Users/Amit.singh/.m2/repository/org/mozilla/rhino/1.7.7.2/rhino-1.7.7.2.jar:/Users/Amit.singh/.m2/repository/com/sun/mail/mailapi/1.6.2/mailapi-1.6.2.jar:/Users/Amit.singh/.m2/repository/joda-time/joda-time/2.10.5/joda-time-2.10.5.jar:/Users/Amit.singh/.m2/repository/com/googlecode/libphonenumber/libphonenumber/8.11.1/libphonenumber-8.11.1.jar:/Users/Amit.singh/.m2/repository/com/google/code/findbugs/jsr305/3.0.2/jsr305-3.0.2.jar:/Users/Amit.singh/.m2/repository/net/sf/jopt-simple/jopt-simple/5.0.4/jopt-simple-5.0.4.jar:/Users/Amit.singh/.m2/repository/commons-io/commons-io/2.8.0/commons-io-2.8.0.jar:"/>
    <property name="java.vm.vendor" value="AdoptOpenJDK"/>
    <property name="sun.arch.data.model" value="64"/>
    <property name="java.vendor.url" value="http://java.oracle.com/"/>
    <property name="user.timezone" value=""/>
    <property name="suiteXmlFile" value="src/test/resources/testng.xml"/>
    <property name="java.vm.specification.version" value="1.8"/>
    <property name="os.name" value="Mac OS X"/>
    <property name="user.country" value="IN"/>
    <property name="sun.java.launcher" value="SUN_STANDARD"/>
    <property name="sun.boot.library.path" value="/Library/Java/JavaVirtualMachines/adoptopenjdk-8.jdk/Contents/Home/jre/lib"/>
    <property name="sun.java.command" value="/Users/Amit.singh/java/java/ApiAssignment/target/surefire/surefirebooter8478473018216640905.jar /Users/Amit.singh/java/java/ApiAssignment/target/surefire 2020-11-21T12-45-20_449-jvmRun1 surefire872669955688153226tmp surefire_04513045196989730350tmp"/>
    <property name="http.nonProxyHosts" value="local|*.local|169.254/16|*.169.254/16"/>
    <property name="surefire.test.class.path" value="/Users/Amit.singh/java/java/ApiAssignment/target/test-classes:/Users/Amit.singh/java/java/ApiAssignment/target/classes:/Users/Amit.singh/.m2/repository/io/rest-assured/rest-assured/4.3.1/rest-assured-4.3.1.jar:/Users/Amit.singh/.m2/repository/org/codehaus/groovy/groovy/3.0.3/groovy-3.0.3.jar:/Users/Amit.singh/.m2/repository/org/codehaus/groovy/groovy-xml/3.0.3/groovy-xml-3.0.3.jar:/Users/Amit.singh/.m2/repository/org/apache/httpcomponents/httpclient/4.5.3/httpclient-4.5.3.jar:/Users/Amit.singh/.m2/repository/org/apache/httpcomponents/httpcore/4.4.6/httpcore-4.4.6.jar:/Users/Amit.singh/.m2/repository/commons-logging/commons-logging/1.2/commons-logging-1.2.jar:/Users/Amit.singh/.m2/repository/commons-codec/commons-codec/1.9/commons-codec-1.9.jar:/Users/Amit.singh/.m2/repository/org/apache/httpcomponents/httpmime/4.5.3/httpmime-4.5.3.jar:/Users/Amit.singh/.m2/repository/org/hamcrest/hamcrest/2.1/hamcrest-2.1.jar:/Users/Amit.singh/.m2/repository/org/ccil/cowan/tagsoup/tagsoup/1.2.1/tagsoup-1.2.1.jar:/Users/Amit.singh/.m2/repository/io/rest-assured/json-path/4.3.1/json-path-4.3.1.jar:/Users/Amit.singh/.m2/repository/org/codehaus/groovy/groovy-json/3.0.3/groovy-json-3.0.3.jar:/Users/Amit.singh/.m2/repository/io/rest-assured/rest-assured-common/4.3.1/rest-assured-common-4.3.1.jar:/Users/Amit.singh/.m2/repository/io/rest-assured/xml-path/4.3.1/xml-path-4.3.1.jar:/Users/Amit.singh/.m2/repository/org/apache/commons/commons-lang3/3.4/commons-lang3-3.4.jar:/Users/Amit.singh/.m2/repository/jakarta/xml/bind/jakarta.xml.bind-api/2.3.3/jakarta.xml.bind-api-2.3.3.jar:/Users/Amit.singh/.m2/repository/jakarta/activation/jakarta.activation-api/1.2.2/jakarta.activation-api-1.2.2.jar:/Users/Amit.singh/.m2/repository/com/sun/xml/bind/jaxb-impl/2.3.3/jaxb-impl-2.3.3.jar:/Users/Amit.singh/.m2/repository/org/slf4j/slf4j-api/2.0.0-alpha1/slf4j-api-2.0.0-alpha1.jar:/Users/Amit.singh/.m2/repository/com/google/code/gson/gson/2.8.5/gson-2.8.5.jar:/Users/Amit.singh/.m2/repository/org/projectlombok/lombok/1.18.12/lombok-1.18.12.jar:/Users/Amit.singh/.m2/repository/org/testng/testng/6.8/testng-6.8.jar:/Users/Amit.singh/.m2/repository/junit/junit/4.10/junit-4.10.jar:/Users/Amit.singh/.m2/repository/org/hamcrest/hamcrest-core/1.1/hamcrest-core-1.1.jar:/Users/Amit.singh/.m2/repository/org/beanshell/bsh/2.0b4/bsh-2.0b4.jar:/Users/Amit.singh/.m2/repository/com/beust/jcommander/1.27/jcommander-1.27.jar:/Users/Amit.singh/.m2/repository/org/yaml/snakeyaml/1.6/snakeyaml-1.6.jar:/Users/Amit.singh/.m2/repository/io/rest-assured/json-schema-validator/4.3.2/json-schema-validator-4.3.2.jar:/Users/Amit.singh/.m2/repository/com/github/java-json-tools/json-schema-validator/2.2.14/json-schema-validator-2.2.14.jar:/Users/Amit.singh/.m2/repository/com/google/guava/guava/28.2-android/guava-28.2-android.jar:/Users/Amit.singh/.m2/repository/com/google/guava/failureaccess/1.0.1/failureaccess-1.0.1.jar:/Users/Amit.singh/.m2/repository/com/google/guava/listenablefuture/9999.0-empty-to-avoid-conflict-with-guava/listenablefuture-9999.0-empty-to-avoid-conflict-with-guava.jar:/Users/Amit.singh/.m2/repository/org/checkerframework/checker-compat-qual/2.5.5/checker-compat-qual-2.5.5.jar:/Users/Amit.singh/.m2/repository/com/google/errorprone/error_prone_annotations/2.3.4/error_prone_annotations-2.3.4.jar:/Users/Amit.singh/.m2/repository/com/google/j2objc/j2objc-annotations/1.3/j2objc-annotations-1.3.jar:/Users/Amit.singh/.m2/repository/com/github/java-json-tools/jackson-coreutils-equivalence/1.0/jackson-coreutils-equivalence-1.0.jar:/Users/Amit.singh/.m2/repository/com/fasterxml/jackson/core/jackson-databind/2.11.0/jackson-databind-2.11.0.jar:/Users/Amit.singh/.m2/repository/com/fasterxml/jackson/core/jackson-annotations/2.11.0/jackson-annotations-2.11.0.jar:/Users/Amit.singh/.m2/repository/com/fasterxml/jackson/core/jackson-core/2.11.0/jackson-core-2.11.0.jar:/Users/Amit.singh/.m2/repository/com/github/java-json-tools/jackson-coreutils/2.0/jackson-coreutils-2.0.jar:/Users/Amit.singh/.m2/repository/com/github/java-json-tools/msg-simple/1.2/msg-simple-1.2.jar:/Users/Amit.singh/.m2/repository/com/github/java-json-tools/btf/1.3/btf-1.3.jar:/Users/Amit.singh/.m2/repository/com/github/java-json-tools/json-schema-core/1.2.14/json-schema-core-1.2.14.jar:/Users/Amit.singh/.m2/repository/com/github/java-json-tools/uri-template/0.10/uri-template-0.10.jar:/Users/Amit.singh/.m2/repository/org/mozilla/rhino/1.7.7.2/rhino-1.7.7.2.jar:/Users/Amit.singh/.m2/repository/com/sun/mail/mailapi/1.6.2/mailapi-1.6.2.jar:/Users/Amit.singh/.m2/repository/joda-time/joda-time/2.10.5/joda-time-2.10.5.jar:/Users/Amit.singh/.m2/repository/com/googlecode/libphonenumber/libphonenumber/8.11.1/libphonenumber-8.11.1.jar:/Users/Amit.singh/.m2/repository/com/google/code/findbugs/jsr305/3.0.2/jsr305-3.0.2.jar:/Users/Amit.singh/.m2/repository/net/sf/jopt-simple/jopt-simple/5.0.4/jopt-simple-5.0.4.jar:/Users/Amit.singh/.m2/repository/commons-io/commons-io/2.8.0/commons-io-2.8.0.jar:"/>
    <property name="sun.cpu.endian" value="little"/>
    <property name="user.home" value="/Users/Amit.singh"/>
    <property name="user.language" value="en"/>
    <property name="java.specification.vendor" value="Oracle Corporation"/>
    <property name="java.home" value="/Library/Java/JavaVirtualMachines/adoptopenjdk-8.jdk/Contents/Home/jre"/>
    <property name="basedir" value="/Users/Amit.singh/java/java/ApiAssignment"/>
    <property name="file.separator" value="/"/>
    <property name="line.separator" value="&#10;"/>
    <property name="java.vm.specification.vendor" value="Oracle Corporation"/>
    <property name="java.specification.name" value="Java Platform API Specification"/>
    <property name="java.awt.graphicsenv" value="sun.awt.CGraphicsEnvironment"/>
    <property name="surefire.real.class.path" value="/Users/Amit.singh/java/java/ApiAssignment/target/surefire/surefirebooter8478473018216640905.jar"/>
    <property name="sun.boot.class.path" value="/Library/Java/JavaVirtualMachines/adoptopenjdk-8.jdk/Contents/Home/jre/lib/resources.jar:/Library/Java/JavaVirtualMachines/adoptopenjdk-8.jdk/Contents/Home/jre/lib/rt.jar:/Library/Java/JavaVirtualMachines/adoptopenjdk-8.jdk/Contents/Home/jre/lib/sunrsasign.jar:/Library/Java/JavaVirtualMachines/adoptopenjdk-8.jdk/Contents/Home/jre/lib/jsse.jar:/Library/Java/JavaVirtualMachines/adoptopenjdk-8.jdk/Contents/Home/jre/lib/jce.jar:/Library/Java/JavaVirtualMachines/adoptopenjdk-8.jdk/Contents/Home/jre/lib/charsets.jar:/Library/Java/JavaVirtualMachines/adoptopenjdk-8.jdk/Contents/Home/jre/lib/jfr.jar:/Library/Java/JavaVirtualMachines/adoptopenjdk-8.jdk/Contents/Home/jre/classes"/>
    <property name="sun.management.compiler" value="HotSpot 64-Bit Tiered Compilers"/>
    <property name="ftp.nonProxyHosts" value="local|*.local|169.254/16|*.169.254/16"/>
    <property name="java.runtime.version" value="1.8.0_222-b10"/>
    <property name="user.name" value="Amit.singh"/>
    <property name="path.separator" value=":"/>
    <property name="os.version" value="10.15.7"/>
    <property name="java.endorsed.dirs" value="/Library/Java/JavaVirtualMachines/adoptopenjdk-8.jdk/Contents/Home/jre/lib/endorsed"/>
    <property name="java.runtime.name" value="OpenJDK Runtime Environment"/>
    <property name="file.encoding" value="US-ASCII"/>
    <property name="java.vm.name" value="OpenJDK 64-Bit Server VM"/>
    <property name="localRepository" value="/Users/Amit.singh/.m2/repository"/>
    <property name="java.vendor.url.bug" value="http://bugreport.sun.com/bugreport/"/>
    <property name="java.io.tmpdir" value="/var/folders/fp/cl1rsp9n0l96yh8yy2nlxw3c0000gp/T/"/>
    <property name="java.version" value="1.8.0_222"/>
    <property name="user.dir" value="/Users/Amit.singh/java/java/ApiAssignment"/>
    <property name="os.arch" value="x86_64"/>
    <property name="java.vm.specification.name" value="Java Virtual Machine Specification"/>
    <property name="java.awt.printerjob" value="sun.lwawt.macosx.CPrinterJob"/>
    <property name="sun.os.patch.level" value="unknown"/>
    <property name="java.library.path" value="/Users/Amit.singh/Library/Java/Extensions:/Library/Java/Extensions:/Network/Library/Java/Extensions:/System/Library/Java/Extensions:/usr/lib/java:."/>
    <property name="java.vm.info" value="mixed mode"/>
    <property name="java.vendor" value="AdoptOpenJDK"/>
    <property name="java.vm.version" value="25.222-b10"/>
    <property name="java.ext.dirs" value="/Users/Amit.singh/Library/Java/Extensions:/Library/Java/JavaVirtualMachines/adoptopenjdk-8.jdk/Contents/Home/jre/lib/ext:/Library/Java/Extensions:/Network/Library/Java/Extensions:/System/Library/Java/Extensions:/usr/lib/java"/>
    <property name="sun.io.unicode.encoding" value="UnicodeBig"/>
    <property name="java.class.version" value="52.0"/>
    <property name="socksNonProxyHosts" value="local|*.local|169.254/16|*.169.254/16"/>
  </properties>
  <testcase name="getApiTestListCountValidation" classname="org.example.GetApiValidate" time="5.32"/>
  <testcase name="getApiTestSchemaValidator" classname="org.example.GetApiValidate" time="2.947"/>
  <testcase name="getApiTestStatusCodeValidator" classname="org.example.GetApiValidate" time="2.23"/>
  <testcase name="getApiInvalidResourceSatusCodeValidation" classname="org.example.GetApiValidateIncorrectResource" time="1.495"/>
  <testcase name="getApiSingleResouceScemaValidation" classname="org.example.GetApiwithSpecificResouceValidate" time="3.864"/>
  <testcase name="getApiSingleResourceBodyValidation" classname="org.example.GetApiwithSpecificResouceValidate" time="2.164"/>
  <testcase name="getApiSingleResourceSizeValidation" classname="org.example.GetApiwithSpecificResouceValidate" time="0"/>
  <testcase name="getApiSingleResourceStausCodeValidation" classname="org.example.GetApiwithSpecificResouceValidate" time="1.52"/>
  <testcase name="postApiDataValidation" classname="org.example.PostApiValidation" time="4.642"/>
  <testcase name="postApiSchemaValidation" classname="org.example.PostApiValidation" time="2.282"/>
  <testcase name="postApiStatusCodeValidation" classname="org.example.PostApiValidation" time="1.465"/>
  <testcase name="putApiDataValidation" classname="org.example.PutApiValidation" time="1.589"/>
  <testcase name="putApiSchemaValidation" classname="org.example.PutApiValidation" time="1.931"/>
  <testcase name="putApiStatusCodeValidator" classname="org.example.PutApiValidation" time="1.498"/>
  <testcase name="deleteApiDataValidation" classname="org.example.DeletApiValidation" time="1.434"/>
  <testcase name="deleteApiStatusCodeValidation" classname="org.example.DeletApiValidation" time="1.637"/>
</testsuite>