<?xml version="1.0" encoding="UTF-8"?>
<!-- Generated by org.testng.reporters.JUnitReportReporter -->
<testsuite hostname="LK-LP-705.local" name="org.example.DeletApiValidation" tests="2" failures="0" timestamp="21 Nov 2020 07:16:27 GMT" time="3.071" errors="0">
  <testcase name="deleteApiStatusCodeValidation" time="1.636" classname="org.example.DeletApiValidation"/>
  <testcase name="deleteApiDataValidation" time="1.435" classname="org.example.DeletApiValidation"/>
</testsuite> <!-- org.example.DeletApiValidation -->
