<?xml version="1.0" encoding="UTF-8"?>
<!-- Generated by org.testng.reporters.JUnitReportReporter -->
<testsuite hostname="LK-LP-705.local" name="org.example.PostApiValidation" tests="3" failures="0" timestamp="21 Nov 2020 07:16:12 GMT" time="8.389" errors="0">
  <testcase name="postApiDataValidation" time="4.644" classname="org.example.PostApiValidation"/>
  <testcase name="postApiStatusCodeValidation" time="1.460" classname="org.example.PostApiValidation"/>
  <testcase name="postApiSchemaValidation" time="2.285" classname="org.example.PostApiValidation"/>
</testsuite> <!-- org.example.PostApiValidation -->
