<?xml version="1.0" encoding="UTF-8"?>
<!-- Generated by org.testng.reporters.JUnitReportReporter -->
<testsuite hostname="LK-LP-705.local" name="org.example.PutApiValidation" tests="3" failures="0" timestamp="21 Nov 2020 07:16:22 GMT" time="5.017" errors="0">
  <testcase name="putApiDataValidation" time="1.588" classname="org.example.PutApiValidation"/>
  <testcase name="putApiSchemaValidation" time="1.933" classname="org.example.PutApiValidation"/>
  <testcase name="putApiStatusCodeValidator" time="1.496" classname="org.example.PutApiValidation"/>
</testsuite> <!-- org.example.PutApiValidation -->
