<?xml version="1.0" encoding="UTF-8"?>
<!-- Generated by org.testng.reporters.JUnitReportReporter -->
<testsuite hostname="LK-LP-705.local" name="org.example.GetApiwithSpecificResouceValidate" tests="4" failures="0" timestamp="21 Nov 2020 07:16:07 GMT" time="7.551" errors="0">
  <testcase name="getApiSingleResourceBodyValidation" time="2.166" classname="org.example.GetApiwithSpecificResouceValidate"/>
  <testcase name="getApiSingleResourceStausCodeValidation" time="1.516" classname="org.example.GetApiwithSpecificResouceValidate"/>
  <testcase name="getApiSingleResourceSizeValidation" time="0.001" classname="org.example.GetApiwithSpecificResouceValidate"/>
  <testcase name="getApiSingleResouceScemaValidation" time="3.868" classname="org.example.GetApiwithSpecificResouceValidate"/>
</testsuite> <!-- org.example.GetApiwithSpecificResouceValidate -->
