<?xml version="1.0" encoding="UTF-8"?>
<!-- Generated by org.testng.reporters.JUnitReportReporter -->
<testsuite hostname="LK-LP-705.local" name="org.example.GetApiValidateIncorrectResource" tests="1" failures="0" timestamp="21 Nov 2020 07:16:32 GMT" time="1.744" errors="0">
  <testcase name="getApiInvalidResourceSatusCodeValidation" time="1.744" classname="org.example.GetApiValidateIncorrectResource"/>
</testsuite> <!-- org.example.GetApiValidateIncorrectResource -->
