<?xml version="1.0" encoding="UTF-8"?>
<!-- Generated by org.testng.reporters.JUnitReportReporter -->
<testsuite hostname="LK-LP-705.local" name="org.example.GetApiValidate" tests="3" failures="0" timestamp="21 Nov 2020 07:16:17 GMT" time="10.240" errors="0">
  <testcase name="getApiTestStatusCodeValidator" time="1.974" classname="org.example.GetApiValidate"/>
  <testcase name="getApiTestSchemaValidator" time="2.947" classname="org.example.GetApiValidate"/>
  <testcase name="getApiTestListCountValidation" time="5.319" classname="org.example.GetApiValidate"/>
</testsuite> <!-- org.example.GetApiValidate -->
